<?xml version="1.0" encoding="UTF-8"?>
<!-- Generated by org.testng.reporters.JUnitReportReporter -->
<testsuite hostname="LAPTOP-EJBAR7LN" failures="0" tests="1" name="com.inetBanking.testCases.TC_LoginTest_001" time="1.772" errors="0" timestamp="2021-01-04T22:09:50 PST" skipped="0">
  <testcase classname="com.inetBanking.testCases.TC_LoginTest_001" name="loginTest" time="1.772"/>
  <system-out/>
</testsuite> <!-- com.inetBanking.testCases.TC_LoginTest_001 -->
